<?xml version="1.0" encoding="UTF-8"?>
<testsuite name="CalculatorTest" tests="3" skipped="0" failures="0" errors="0" timestamp="2021-03-13T11:48:28" hostname="DESKTOP-QG11TOE" time="0.009">
  <properties/>
  <testcase name="calculateDirectionNotEnoughData" classname="CalculatorTest" time="0.008"/>
  <testcase name="calculateDirectionDown" classname="CalculatorTest" time="0.001"/>
  <testcase name="calculateDirectionUp" classname="CalculatorTest" time="0.0"/>
  <system-out><![CDATA[]]></system-out>
  <system-err><![CDATA[]]></system-err>
</testsuite>
